1547079831876	geckodriver	INFO	geckodriver 0.19.1
1547079831890	geckodriver	INFO	Listening on 127.0.0.1:64628
1547079833504	mozrunner::runner	INFO	Running command: "/Applications/Firefox.app/Contents/MacOS/firefox-bin" "-marionette" "-profile" "/var/folders/b8/gdmccj9x5szfc14qknkn7y400000gp/T/rust_mozprofile.bJc6Z0Esxuyf"
1547079834653	addons.webextension.screenshots@mozilla.org	WARN	Loading extension 'screenshots@mozilla.org': Reading manifest: Invalid host permission: resource://pdf.js/
1547079834654	addons.webextension.screenshots@mozilla.org	WARN	Loading extension 'screenshots@mozilla.org': Reading manifest: Invalid host permission: about:reader*
1547079834890	Marionette	DEBUG	Received observer notification profile-after-change
1547079835072	Marionette	DEBUG	Received observer notification command-line-startup
1547079835073	Marionette	DEBUG	Received observer notification nsPref:changed
1547079835073	Marionette	DEBUG	Init aborted (running=false, enabled=true, finalUIStartup=false)
1547079835656	Marionette	DEBUG	Received observer notification toplevel-window-ready
Can't find symbol 'GetGraphicsResetStatus'.
1547079838031	Marionette	DEBUG	Received observer notification sessionstore-windows-restored
1547079838031	Marionette	DEBUG	Waiting for delayed startup...
1547079838759	Marionette	DEBUG	Setting recommended pref app.update.disabledForTesting to true
1547079838759	Marionette	DEBUG	Setting recommended pref security.turn_off_all_security_so_that_viruses_can_take_over_this_computer to true
1547079838759	Marionette	DEBUG	Setting recommended pref browser.contentblocking.introCount to 99
1547079838760	Marionette	DEBUG	Setting recommended pref datareporting.policy.dataSubmissionPolicyAccepted to false
1547079838761	Marionette	DEBUG	Setting recommended pref dom.disable_beforeunload to true
1547079838761	Marionette	DEBUG	Setting recommended pref toolkit.cosmeticAnimations.enabled to false
1547079838843	Marionette	INFO	Listening on port 64642
1547079838843	Marionette	DEBUG	Remote service is active
1547079838942	Marionette	DEBUG	Accepted connection 0 from 127.0.0.1:64717
1547079838948	Marionette	TRACE	0 -> [0,1,"newSession",{"acceptInsecureCerts":true,"browserName":"firefox","capabilities":{"desiredCapabilities":{"acceptInsecureCerts":true,"browserName":"firefox"}}}]
1547079838949	Marionette	TRACE	0 <- [1,1,{"error":"unknown command","message":"newSession","stacktrace":"WebDriverError@chrome://marionette/content/error.js:178: ... et@chrome://marionette/content/server.js:236:8\n_onJSONObjectReady/<@chrome://marionette/content/transport.js:490:9\n"},null]
[GFX1-]: Receive IPC close with reason=AbnormalShutdown
[GFX1-]: Receive IPC close with reason=AbnormalShutdown
1547080000823	geckodriver	INFO	geckodriver 0.19.1
1547080000832	geckodriver	INFO	Listening on 127.0.0.1:65368
1547080002205	mozrunner::runner	INFO	Running command: "/Applications/Firefox.app/Contents/MacOS/firefox-bin" "-marionette" "-profile" "/var/folders/b8/gdmccj9x5szfc14qknkn7y400000gp/T/rust_mozprofile.aK6RDcKet5VS"
1547080003448	addons.webextension.screenshots@mozilla.org	WARN	Loading extension 'screenshots@mozilla.org': Reading manifest: Invalid host permission: resource://pdf.js/
1547080003449	addons.webextension.screenshots@mozilla.org	WARN	Loading extension 'screenshots@mozilla.org': Reading manifest: Invalid host permission: about:reader*
1547080003848	Marionette	DEBUG	Received observer notification profile-after-change
1547080004032	Marionette	DEBUG	Received observer notification command-line-startup
1547080004032	Marionette	DEBUG	Received observer notification nsPref:changed
1547080004033	Marionette	DEBUG	Init aborted (running=false, enabled=true, finalUIStartup=false)
1547080004505	Marionette	DEBUG	Received observer notification toplevel-window-ready
Can't find symbol 'GetGraphicsResetStatus'.
1547080006858	Marionette	DEBUG	Received observer notification sessionstore-windows-restored
1547080006858	Marionette	DEBUG	Waiting for delayed startup...
1547080007694	Marionette	DEBUG	Setting recommended pref app.update.disabledForTesting to true
1547080007695	Marionette	DEBUG	Setting recommended pref security.turn_off_all_security_so_that_viruses_can_take_over_this_computer to true
1547080007696	Marionette	DEBUG	Setting recommended pref browser.contentblocking.introCount to 99
1547080007697	Marionette	DEBUG	Setting recommended pref datareporting.policy.dataSubmissionPolicyAccepted to false
1547080007697	Marionette	DEBUG	Setting recommended pref dom.disable_beforeunload to true
1547080007697	Marionette	DEBUG	Setting recommended pref toolkit.cosmeticAnimations.enabled to false
1547080007783	Marionette	INFO	Listening on port 65382
1547080007791	Marionette	DEBUG	Remote service is active
1547080007843	Marionette	DEBUG	Accepted connection 0 from 127.0.0.1:65460
1547080007869	Marionette	TRACE	0 -> [0,1,"newSession",{"acceptInsecureCerts":true,"browserName":"firefox","capabilities":{"desiredCapabilities":{"acceptInsecureCerts":true,"browserName":"firefox"}}}]
1547080007872	Marionette	TRACE	0 <- [1,1,{"error":"unknown command","message":"newSession","stacktrace":"WebDriverError@chrome://marionette/content/error.js:178: ... et@chrome://marionette/content/server.js:236:8\n_onJSONObjectReady/<@chrome://marionette/content/transport.js:490:9\n"},null]
[GFX1-]: Receive IPC close with reason=AbnormalShutdown
[GFX1-]: Receive IPC close with reason=AbnormalShutdown
